# JRE version: Java(TM) SE Runtime Environment (17.0.8+9) (build 17.0.8+9-LTS-211)
# Java VM: Java HotSpot(TM) 64-Bit Server VM (17.0.8+9-LTS-211, mixed mode, sharing, tiered, compressed oops, compressed class ptrs, g1 gc, windows-amd64)
GC Precious Log:
 CPUs: 8 total, 8 available
 Memory: 7955M
 Large Page Support: Disabled
 NUMA Support: Disabled
 Compressed Oops: Enabled (Zero based)
 Heap Region Size: 2M
 Heap Min Capacity: 8M
 Heap Initial Capacity: 126M
 Heap Max Capacity: 3G
 Pre-touch: Disabled
 Parallel Workers: 8
 Concurrent Workers: 2
 Concurrent Refinement Workers: 8
 Periodic GC: Disabled
Heap:
 garbage-first heap   total 1017856K, used 472788K [0x0000000740000000, 0x0000000800000000)
  region size 2048K, 21 young (43008K), 2 survivors (4096K)
 Metaspace       used 85781K, committed 86528K, reserved 1179648K
  class space    used 11417K, committed 11776K, reserved 1048576K
GC Heap History (20 events):
Event: 2117.929 GC heap before
{Heap before GC invocations=67 (full 0):
 garbage-first heap   total 915456K, used 331450K [0x0000000740000000, 0x0000000800000000)
  region size 2048K, 22 young (45056K), 3 survivors (6144K)
 Metaspace       used 85249K, committed 86016K, reserved 1179648K
  class space    used 11414K, committed 11776K, reserved 1048576K
}
Event: 2117.954 GC heap after
{Heap after GC invocations=68 (full 0):
 garbage-first heap   total 915456K, used 303229K [0x0000000740000000, 0x0000000800000000)
  region size 2048K, 3 young (6144K), 3 survivors (6144K)
 Metaspace       used 85249K, committed 86016K, reserved 1179648K
  class space    used 11414K, committed 11776K, reserved 1048576K
}
Event: 2119.732 GC heap before
{Heap before GC invocations=68 (full 0):
 garbage-first heap   total 915456K, used 340093K [0x0000000740000000, 0x0000000800000000)
  region size 2048K, 22 young (45056K), 3 survivors (6144K)
 Metaspace       used 85508K, committed 86272K, reserved 1179648K
  class space    used 11414K, committed 11776K, reserved 1048576K
}
Event: 2119.755 GC heap after
{Heap after GC invocations=69 (full 0):
 garbage-first heap   total 915456K, used 293467K [0x0000000740000000, 0x0000000800000000)
  region size 2048K, 3 young (6144K), 3 survivors (6144K)
 Metaspace       used 85508K, committed 86272K, reserved 1179648K
  class space    used 11414K, committed 11776K, reserved 1048576K
}
Event: 2119.907 GC heap before
{Heap before GC invocations=69 (full 0):
 garbage-first heap   total 915456K, used 330331K [0x0000000740000000, 0x0000000800000000)
  region size 2048K, 22 young (45056K), 3 survivors (6144K)
 Metaspace       used 85508K, committed 86272K, reserved 1179648K
  class space    used 11414K, committed 11776K, reserved 1048576K
}
Event: 2119.956 GC heap after
{Heap after GC invocations=70 (full 0):
 garbage-first heap   total 915456K, used 314200K [0x0000000740000000, 0x0000000800000000)
  region size 2048K, 3 young (6144K), 3 survivors (6144K)
 Metaspace       used 85508K, committed 86272K, reserved 1179648K
  class space    used 11414K, committed 11776K, reserved 1048576K
}
Event: 2120.009 GC heap before
{Heap before GC invocations=70 (full 0):
 garbage-first heap   total 915456K, used 353112K [0x0000000740000000, 0x0000000800000000)
  region size 2048K, 22 young (45056K), 3 survivors (6144K)
 Metaspace       used 85508K, committed 86272K, reserved 1179648K
  class space    used 11414K, committed 11776K, reserved 1048576K
}
Event: 2120.094 GC heap after
{Heap after GC invocations=71 (full 0):
 garbage-first heap   total 915456K, used 339833K [0x0000000740000000, 0x0000000800000000)
  region size 2048K, 3 young (6144K), 3 survivors (6144K)
 Metaspace       used 85508K, committed 86272K, reserved 1179648K
  class space    used 11414K, committed 11776K, reserved 1048576K
}
Event: 2120.155 GC heap before
{Heap before GC invocations=71 (full 0):
 garbage-first heap   total 915456K, used 378745K [0x0000000740000000, 0x0000000800000000)
  region size 2048K, 22 young (45056K), 3 survivors (6144K)
 Metaspace       used 85508K, committed 86272K, reserved 1179648K
  class space    used 11414K, committed 11776K, reserved 1048576K
}
Event: 2120.201 GC heap after
{Heap after GC invocations=72 (full 0):
 garbage-first heap   total 915456K, used 365996K [0x0000000740000000, 0x0000000800000000)
  region size 2048K, 3 young (6144K), 3 survivors (6144K)
 Metaspace       used 85508K, committed 86272K, reserved 1179648K
  class space    used 11414K, committed 11776K, reserved 1048576K
}
Event: 2120.280 GC heap before
{Heap before GC invocations=72 (full 0):
 garbage-first heap   total 915456K, used 404908K [0x0000000740000000, 0x0000000800000000)
  region size 2048K, 22 young (45056K), 3 survivors (6144K)
 Metaspace       used 85508K, committed 86272K, reserved 1179648K
  class space    used 11414K, committed 11776K, reserved 1048576K
}
Event: 2120.335 GC heap after
{Heap after GC invocations=73 (full 0):
 garbage-first heap   total 915456K, used 395129K [0x0000000740000000, 0x0000000800000000)
  region size 2048K, 3 young (6144K), 3 survivors (6144K)
 Metaspace       used 85508K, committed 86272K, reserved 1179648K
  class space    used 11414K, committed 11776K, reserved 1048576K
}
Event: 2120.466 GC heap before
{Heap before GC invocations=73 (full 0):
 garbage-first heap   total 915456K, used 434041K [0x0000000740000000, 0x0000000800000000)
  region size 2048K, 22 young (45056K), 3 survivors (6144K)
 Metaspace       used 85508K, committed 86272K, reserved 1179648K
  class space    used 11414K, committed 11776K, reserved 1048576K
}
Event: 2120.561 GC heap after
{Heap after GC invocations=74 (full 0):
 garbage-first heap   total 1808384K, used 421753K [0x0000000740000000, 0x0000000800000000)
  region size 2048K, 3 young (6144K), 3 survivors (6144K)
 Metaspace       used 85508K, committed 86272K, reserved 1179648K
  class space    used 11414K, committed 11776K, reserved 1048576K
}
Event: 2121.065 GC heap before
{Heap before GC invocations=75 (full 0):
 garbage-first heap   total 1073152K, used 392057K [0x0000000740000000, 0x0000000800000000)
  region size 2048K, 44 young (90112K), 3 survivors (6144K)
 Metaspace       used 85512K, committed 86272K, reserved 1179648K
  class space    used 11414K, committed 11776K, reserved 1048576K
}
Event: 2121.107 GC heap after
{Heap after GC invocations=76 (full 0):
 garbage-first heap   total 1073152K, used 323050K [0x0000000740000000, 0x0000000800000000)
  region size 2048K, 6 young (12288K), 6 survivors (12288K)
 Metaspace       used 85512K, committed 86272K, reserved 1179648K
  class space    used 11414K, committed 11776K, reserved 1048576K
}
Event: 2142.096 GC heap before
{Heap before GC invocations=76 (full 0):
 garbage-first heap   total 1073152K, used 364010K [0x0000000740000000, 0x0000000800000000)
  region size 2048K, 26 young (53248K), 6 survivors (12288K)
 Metaspace       used 85524K, committed 86272K, reserved 1179648K
  class space    used 11414K, committed 11776K, reserved 1048576K
}
Event: 2142.197 GC heap after
{Heap after GC invocations=77 (full 0):
 garbage-first heap   total 1073152K, used 302258K [0x0000000740000000, 0x0000000800000000)
  region size 2048K, 4 young (8192K), 4 survivors (8192K)
 Metaspace       used 85524K, committed 86272K, reserved 1179648K
  class space    used 11414K, committed 11776K, reserved 1048576K
}
Event: 2154.251 GC heap before
{Heap before GC invocations=77 (full 0):
 garbage-first heap   total 1073152K, used 314546K [0x0000000740000000, 0x0000000800000000)
  region size 2048K, 11 young (22528K), 4 survivors (8192K)
 Metaspace       used 85627K, committed 86400K, reserved 1179648K
  class space    used 11415K, committed 11776K, reserved 1048576K
}
Event: 2154.278 GC heap after
{Heap after GC invocations=78 (full 0):
 garbage-first heap   total 1073152K, used 304852K [0x0000000740000000, 0x0000000800000000)
  region size 2048K, 2 young (4096K), 2 survivors (4096K)
 Metaspace       used 85627K, committed 86400K, reserved 1179648K
  class space    used 11415K, committed 11776K, reserved 1048576K
}

